<?xml version="1.0" encoding="UTF-8"?>
<testsuite name="com.playground.springboot.hello.web.dto.HelloResponseDtoTest" tests="1" skipped="0" failures="0" errors="0" timestamp="2020-10-07T09:31:26" hostname="LAPTOP-TV1OTG8M" time="0.057">
  <properties/>
  <testcase name="lombok_test" classname="com.playground.springboot.hello.web.dto.HelloResponseDtoTest" time="0.057"/>
  <system-out><![CDATA[]]></system-out>
  <system-err><![CDATA[]]></system-err>
</testsuite>
